0 info it worked if it ends with ok
1 verbose cli [ '/usr/bin/node', '/usr/bin/npm', 'publish' ]
2 info using npm@3.10.10
3 info using node@v6.14.1
4 verbose publish [ '.' ]
5 silly cache add args [ '.', null ]
6 verbose cache add spec .
7 silly cache add parsed spec Result {
7 silly cache add   raw: '.',
7 silly cache add   scope: null,
7 silly cache add   escapedName: null,
7 silly cache add   name: null,
7 silly cache add   rawSpec: '.',
7 silly cache add   spec: '/var/www/agregad/gulp-webpack-task',
7 silly cache add   type: 'directory' }
8 verbose addLocalDirectory /home/agregad/.npm/gulp-webpack-task/0.11.0/package.tgz not in flight; packing
9 verbose correctMkdir /home/agregad/.npm correctMkdir not in flight; initializing
10 info lifecycle gulp-webpack-task@0.11.0~prepublish: gulp-webpack-task@0.11.0
11 silly lifecycle gulp-webpack-task@0.11.0~prepublish: no script for prepublish, continuing
12 verbose tar pack [ '/home/agregad/.npm/gulp-webpack-task/0.11.0/package.tgz',
12 verbose tar pack   '/var/www/agregad/gulp-webpack-task' ]
13 verbose tarball /home/agregad/.npm/gulp-webpack-task/0.11.0/package.tgz
14 verbose folder /var/www/agregad/gulp-webpack-task
15 verbose addLocalTarball adding from inside cache /home/agregad/.npm/gulp-webpack-task/0.11.0/package.tgz
16 verbose correctMkdir /home/agregad/.npm correctMkdir not in flight; initializing
17 silly cache afterAdd gulp-webpack-task@0.11.0
18 verbose afterAdd /home/agregad/.npm/gulp-webpack-task/0.11.0/package/package.json not in flight; writing
19 verbose correctMkdir /home/agregad/.npm correctMkdir not in flight; initializing
20 verbose afterAdd /home/agregad/.npm/gulp-webpack-task/0.11.0/package/package.json written
21 silly publish { name: 'gulp-webpack-task',
21 silly publish   version: '0.11.0',
21 silly publish   description: '',
21 silly publish   main: 'index.js',
21 silly publish   scripts: { test: 'echo "Error: no test specified" && exit 1' },
21 silly publish   repository:
21 silly publish    { type: 'git',
21 silly publish      url: 'git+https://github.com/AgreGAD/gulp-webpack-task.git' },
21 silly publish   author: { name: 'Marat Fakhertdinov' },
21 silly publish   license: 'MIT',
21 silly publish   bugs: { url: 'https://github.com/AgreGAD/gulp-webpack-task/issues' },
21 silly publish   homepage: 'https://github.com/AgreGAD/gulp-webpack-task#readme',
21 silly publish   dependencies:
21 silly publish    { 'babel-core': '~6.7.0',
21 silly publish      'babel-loader': '~6.2.0',
21 silly publish      'babel-plugin-transform-runtime': '~6.7.0',
21 silly publish      'babel-preset-es2015': '~6.6.0',
21 silly publish      less: '^2.7.1',
21 silly publish      webpack: '^1.13.1',
21 silly publish      'webpack-manifest-plugin': '1.0.1',
21 silly publish      'extract-text-webpack-plugin': '^1.0.1',
21 silly publish      'assets-webpack-plugin': '^3.4.0',
21 silly publish      'copy-webpack-plugin': '^4.0.1',
21 silly publish      'webpack-stream': '^3.2.0',
21 silly publish      'css-loader': '^0.23.1',
21 silly publish      'exports-loader': '^0.6.3',
21 silly publish      'imports-loader': '^0.6.5',
21 silly publish      'expose-loader': '^0.7.1',
21 silly publish      'file-loader': '^0.8.5',
21 silly publish      'less-loader': '^2.2.3',
21 silly publish      'script-loader': '^0.7.0',
21 silly publish      'style-loader': '^0.13.1',
21 silly publish      gulp: 'github:gulpjs/gulp#4.0',
21 silly publish      'gulp-notify': '^2.2.0',
21 silly publish      'gulp-plumber': '^1.1.0',
21 silly publish      'vinyl-named': '^1.1.0',
21 silly publish      lodash: '^4.13.1',
21 silly publish      gulplog: '^1.0.0',
21 silly publish      'node-sass': '^4.6.0',
21 silly publish      'sass-loader': '^4.0.0',
21 silly publish      'postcss-loader': '^0.9.1' },
21 silly publish   readme: '# gulp-webpack-task',
21 silly publish   readmeFilename: 'README.md',
21 silly publish   gitHead: 'ecd6cd49d5f960b40a19af34095ef75425b3b213',
21 silly publish   _id: 'gulp-webpack-task@0.11.0',
21 silly publish   _shasum: '630deb6912fb94087b2d911953667f26b2240eb6',
21 silly publish   _from: '.' }
22 verbose getPublishConfig undefined
23 silly mapToRegistry name gulp-webpack-task
24 silly mapToRegistry using default registry
25 silly mapToRegistry registry https://registry.npmjs.org/
26 silly mapToRegistry data Result {
26 silly mapToRegistry   raw: 'gulp-webpack-task',
26 silly mapToRegistry   scope: null,
26 silly mapToRegistry   escapedName: 'gulp-webpack-task',
26 silly mapToRegistry   name: 'gulp-webpack-task',
26 silly mapToRegistry   rawSpec: '',
26 silly mapToRegistry   spec: 'latest',
26 silly mapToRegistry   type: 'tag' }
27 silly mapToRegistry uri https://registry.npmjs.org/gulp-webpack-task
28 verbose publish registryBase https://registry.npmjs.org/
29 silly publish uploading /home/agregad/.npm/gulp-webpack-task/0.11.0/package.tgz
30 verbose request uri https://registry.npmjs.org/gulp-webpack-task
31 verbose request sending authorization for write operation
32 info attempt registry request try #1 at 11:18:02 AM
33 verbose request using bearer token for auth
34 verbose request id bf54f1103f8b6ed9
35 http request PUT https://registry.npmjs.org/gulp-webpack-task
36 http 403 https://registry.npmjs.org/gulp-webpack-task
37 verbose headers { date: 'Wed, 30 Jan 2019 04:15:02 GMT',
37 verbose headers   'content-type': 'application/json',
37 verbose headers   'transfer-encoding': 'chunked',
37 verbose headers   connection: 'keep-alive',
37 verbose headers   'set-cookie': [ '__cfduid=d7612322f75fae0401d3534f897c572901548821701; expires=Thu, 30-Jan-20 04:15:01 GMT; path=/; domain=.registry.npmjs.org; HttpOnly' ],
37 verbose headers   'cf-ray': '4a111d748fb986eb-ARN',
37 verbose headers   'expect-ct': 'max-age=604800, report-uri="https://report-uri.cloudflare.com/cdn-cgi/beacon/expect-ct"',
37 verbose headers   vary: 'Accept-Encoding',
37 verbose headers   server: 'cloudflare',
37 verbose headers   'content-encoding': 'gzip' }
38 verbose request invalidating /home/agregad/.npm/registry.npmjs.org/gulp-webpack-task on PUT
39 error publish Failed PUT 403
40 verbose stack Error: You cannot publish over the previously published versions: 0.11.0. : gulp-webpack-task
40 verbose stack     at makeError (/usr/lib/node_modules/npm/node_modules/npm-registry-client/lib/request.js:302:12)
40 verbose stack     at CachingRegistryClient.<anonymous> (/usr/lib/node_modules/npm/node_modules/npm-registry-client/lib/request.js:290:14)
40 verbose stack     at /usr/lib/node_modules/npm/node_modules/npm-registry-client/lib/request.js:216:7
40 verbose stack     at Gunzip.onEnd (zlib.js:227:5)
40 verbose stack     at emitNone (events.js:91:20)
40 verbose stack     at Gunzip.emit (events.js:185:7)
40 verbose stack     at endReadableNT (_stream_readable.js:974:12)
40 verbose stack     at _combinedTickCallback (internal/process/next_tick.js:80:11)
40 verbose stack     at process._tickCallback (internal/process/next_tick.js:104:9)
41 verbose statusCode 403
42 verbose pkgid gulp-webpack-task
43 verbose cwd /var/www/agregad/gulp-webpack-task
44 error Linux 3.16.0-5-amd64
45 error argv "/usr/bin/node" "/usr/bin/npm" "publish"
46 error node v6.14.1
47 error npm  v3.10.10
48 error code E403
49 error You cannot publish over the previously published versions: 0.11.0. : gulp-webpack-task
50 error If you need help, you may report this error at:
50 error     <https://github.com/npm/npm/issues>
51 verbose exit [ 1, true ]
